<html>
<head>
<title>TestNG:  Shpwreks Automation</title>
<link href="../testng.css" rel="stylesheet" type="text/css" />
<link href="../my-testng.css" rel="stylesheet" type="text/css" />

<style type="text/css">
.log { display: none;} 
.stack-trace { display: none;} 
</style>
<script type="text/javascript">
<!--
function flip(e) {
  current = e.style.display;
  if (current == 'block') {
    e.style.display = 'none';
    return 0;
  }
  else {
    e.style.display = 'block';
    return 1;
  }
}

function toggleBox(szDivId, elem, msg1, msg2)
{
  var res = -1;  if (document.getElementById) {
    res = flip(document.getElementById(szDivId));
  }
  else if (document.all) {
    // this is the way old msie versions work
    res = flip(document.all[szDivId]);
  }
  if(elem) {
    if(res == 0) elem.innerHTML = msg1; else elem.innerHTML = msg2;
  }

}

function toggleAllBoxes() {
  if (document.getElementsByTagName) {
    d = document.getElementsByTagName('div');
    for (i = 0; i < d.length; i++) {
      if (d[i].className == 'log') {
        flip(d[i]);
      }
    }
  }
}

// -->
</script>

</head>
<body>
<h2 align='center'>Shpwreks Automation</h2><table border='1' align="center">
<tr>
<td>Tests passed/Failed/Skipped:</td><td>0/1/0</td>
</tr><tr>
<td>Started on:</td><td>Tue Nov 08 11:43:29 IST 2016</td>
</tr>
<tr><td>Total time:</td><td>7 seconds (7857 ms)</td>
</tr><tr>
<td>Included groups:</td><td></td>
</tr><tr>
<td>Excluded groups:</td><td></td>
</tr>
</table><p/>
<small><i>(Hover the method name to see the test class name)</i></small><p/>
<table width='100%' border='1' class='invocation-failed'>
<tr><td colspan='4' align='center'><b>FAILED TESTS</b></td></tr>
<tr><td><b>Test method</b></td>
<td width="30%"><b>Exception</b></td>
<td width="10%"><b>Time (seconds)</b></td>
<td><b>Instance</b></td>
</tr>
<tr>
<td title='com.automation.test.SeleniumDemoTestSuite.TC_DEMO_01()'><b>TC_DEMO_01</b><br>Test class: com.automation.test.SeleniumDemoTestSuite<br/>
<a href="#Output-372038137" onClick='toggleBox("Output-372038137", this, "Show output", "Hide output");'>Show output</a>

<a href="#Output-372038137" onClick="toggleAllBoxes();">Show all outputs</a>
<div class='log' id="Output-372038137">
Google home page displayed successfully!!<br/>
</div>
</td>
<td><div><pre>org.openqa.selenium.WebDriverException: [JavaScript Error: &quot;target.selectedBrowser is undefined&quot; {file: &quot;resource://gre/modules/RemoteAddonsParent.jsm&quot; line: 881}]&apos;[JavaScript Error: &quot;target.selectedBrowser is undefined&quot; {file: &quot;resource://gre/modules/RemoteAddonsParent.jsm&quot; line: 881}]&apos; when calling method: [nsICommandProcessor::execute]
Command duration or timeout: 115 milliseconds
Build info: version: &apos;2.48.0&apos;, revision: &apos;b7b081a4f1289f17e8ecd38bc67e137c2a12e34a&apos;, time: &apos;2015-10-07 09:50:14&apos;
System info: host: &apos;ICPL12088&apos;, ip: &apos;10.20.63.178&apos;, os.name: &apos;Windows 8&apos;, os.arch: &apos;amd64&apos;, os.version: &apos;6.2&apos;, java.version: &apos;1.7.0_51&apos;
*** Element info: {Using=name, value=btnG}
Session ID: 4ee10851-8757-4c04-a08d-594f1c888fc0
Driver info: org.openqa.selenium.firefox.FirefoxDriver
Capabilities [{platform=WINDOWS, acceptSslCerts=true, javascriptEnabled=true, cssSelectorsEnabled=true, databaseEnabled=true, browserName=firefox, handlesAlerts=true, nativeEvents=false, webStorageEnabled=true, rotatable=false, locationContextEnabled=true, applicationCacheEnabled=true, takesScreenshot=true, version=45.0}]
	at org.openqa.selenium.remote.ErrorHandler.createThrowable(ErrorHandler.java:206)
	at org.openqa.selenium.remote.ErrorHandler.throwIfResponseFailed(ErrorHandler.java:158)
	at org.openqa.selenium.remote.RemoteWebDriver.execute(RemoteWebDriver.java:647)
	at org.openqa.selenium.remote.RemoteWebDriver.findElement(RemoteWebDriver.java:353)
	at org.openqa.selenium.remote.RemoteWebDriver.findElementByName(RemoteWebDriver.java:451)
	at org.openqa.selenium.By$ByName.findElement(By.java:303)
	at org.openqa.selenium.remote.RemoteWebDriver.findElement(RemoteWebDriver.java:345)
	at org.openqa.selenium.support.ui.ExpectedConditions.findElement(ExpectedConditions.java:903)
	at org.openqa.selenium.support.ui.ExpectedConditions.access$000(ExpectedConditions.java:41)
	at org.openqa.selenium.support.ui.ExpectedConditions$7.apply(ExpectedConditions.java:205)
	at org.openqa.selenium.support.ui.ExpectedConditions$7.apply(ExpectedConditions.java:201)
	at org.openqa.selenium.support.ui.FluentWait.until(FluentWait.java:238)
	at com.automation.common.WebDriverTest.waitForVisible(WebDriverTest.java:81)
	at com.automation.page.SearchResulTestPage.waitForPageToLoad(SearchResulTestPage.java:28)
	at com.automation.test.SeleniumDemoTestSuite.TC_DEMO_01(SeleniumDemoTestSuite.java:31)
	at java.util.concurrent.FutureTask.run(FutureTask.java:262)
	at java.util.concurrent.ThreadPoolExecutor.runWorker(ThreadPoolExecutor.java:1145)
	at java.util.concurrent.ThreadPoolExecutor$Worker.run(ThreadPoolExecutor.java:615)
	at java.lang.Thread.run(Thread.java:744)
Caused by: org.openqa.selenium.WebDriverException: [JavaScript Error: &quot;target.selectedBrowser is undefined&quot; {file: &quot;resource://gre/modules/RemoteAddonsParent.jsm&quot; line: 881}]&apos;[JavaScript Error: &quot;target.selectedBrowser is undefined&quot; {file: &quot;resource://gre/modules/RemoteAddonsParent.jsm&quot; line: 881}]&apos; when calling method: [nsICommandProcessor::execute]
Build info: version: &apos;2.48.0&apos;, revision: &apos;b7b081a4f1289f17e8ecd38bc67e137c2a12e34a&apos;, time: &apos;2015-10-07 09:50:14&apos;
System info: host: &apos;ICPL12088&apos;, ip: &apos;10.20.63.178&apos;, os.name: &apos;Windows 8&apos;, os.arch: &apos;amd64&apos;, os.version: &apos;6.2&apos;, java.version: &apos;1.7.0_51&apos;
Driver info: driver.version: unknown
	at &lt;anonymous class&gt;.Dispatcher.executeAs/&lt;(file:///C:/Users/ABHIJE~1.AUT/AppData/Local/Temp/anonymous6013466629290580404webdriver-profile/extensions/fxdriver@googlecode.com/components/driver-component.js:9455)
	at &lt;anonymous class&gt;.Resource.prototype.handle(file:///C:/Users/ABHIJE~1.AUT/AppData/Local/Temp/anonymous6013466629290580404webdriver-profile/extensions/fxdriver@googlecode.com/components/driver-component.js:9602)
	at &lt;anonymous class&gt;.Dispatcher.prototype.dispatch(file:///C:/Users/ABHIJE~1.AUT/AppData/Local/Temp/anonymous6013466629290580404webdriver-profile/extensions/fxdriver@googlecode.com/components/driver-component.js:9549)
	at &lt;anonymous class&gt;.WebDriverServer/&lt;.handle(file:///C:/Users/ABHIJE~1.AUT/AppData/Local/Temp/anonymous6013466629290580404webdriver-profile/extensions/fxdriver@googlecode.com/components/driver-component.js:12390)
	at &lt;anonymous class&gt;.createHandlerFunc/&lt;(file:///C:/Users/ABHIJE~1.AUT/AppData/Local/Temp/anonymous6013466629290580404webdriver-profile/extensions/fxdriver@googlecode.com/components/httpd.js:2054)
	at &lt;anonymous class&gt;.ServerHandler.prototype.handleResponse(file:///C:/Users/ABHIJE~1.AUT/AppData/Local/Temp/anonymous6013466629290580404webdriver-profile/extensions/fxdriver@googlecode.com/components/httpd.js:2387)
	at &lt;anonymous class&gt;.Connection.prototype.process(file:///C:/Users/ABHIJE~1.AUT/AppData/Local/Temp/anonymous6013466629290580404webdriver-profile/extensions/fxdriver@googlecode.com/components/httpd.js:1223)
	at &lt;anonymous class&gt;.RequestReader.prototype._handleResponse(file:///C:/Users/ABHIJE~1.AUT/AppData/Local/Temp/anonymous6013466629290580404webdriver-profile/extensions/fxdriver@googlecode.com/components/httpd.js:1677)
	at &lt;anonymous class&gt;.RequestReader.prototype._processBody(file:///C:/Users/ABHIJE~1.AUT/AppData/Local/Temp/anonymous6013466629290580404webdriver-profile/extensions/fxdriver@googlecode.com/components/httpd.js:1525)
	at &lt;anonymous class&gt;.RequestReader.prototype.onInputStreamReady(file:///C:/Users/ABHIJE~1.AUT/AppData/Local/Temp/anonymous6013466629290580404webdriver-profile/extensions/fxdriver@googlecode.com/components/httpd.js:1393)
... Removed 20 stack frames</pre></div><a href='#' onClick='toggleBox("stack-trace372038137", this, "Click to show all stack frames", "Click to hide stack frames")'>Click to show all stack frames</a>
<div class='stack-trace' id='stack-trace372038137'><pre>org.openqa.selenium.WebDriverException: [JavaScript Error: &quot;target.selectedBrowser is undefined&quot; {file: &quot;resource://gre/modules/RemoteAddonsParent.jsm&quot; line: 881}]&apos;[JavaScript Error: &quot;target.selectedBrowser is undefined&quot; {file: &quot;resource://gre/modules/RemoteAddonsParent.jsm&quot; line: 881}]&apos; when calling method: [nsICommandProcessor::execute]
Command duration or timeout: 115 milliseconds
Build info: version: &apos;2.48.0&apos;, revision: &apos;b7b081a4f1289f17e8ecd38bc67e137c2a12e34a&apos;, time: &apos;2015-10-07 09:50:14&apos;
System info: host: &apos;ICPL12088&apos;, ip: &apos;10.20.63.178&apos;, os.name: &apos;Windows 8&apos;, os.arch: &apos;amd64&apos;, os.version: &apos;6.2&apos;, java.version: &apos;1.7.0_51&apos;
*** Element info: {Using=name, value=btnG}
Session ID: 4ee10851-8757-4c04-a08d-594f1c888fc0
Driver info: org.openqa.selenium.firefox.FirefoxDriver
Capabilities [{platform=WINDOWS, acceptSslCerts=true, javascriptEnabled=true, cssSelectorsEnabled=true, databaseEnabled=true, browserName=firefox, handlesAlerts=true, nativeEvents=false, webStorageEnabled=true, rotatable=false, locationContextEnabled=true, applicationCacheEnabled=true, takesScreenshot=true, version=45.0}]
	at sun.reflect.NativeConstructorAccessorImpl.newInstance0(Native Method)
	at sun.reflect.NativeConstructorAccessorImpl.newInstance(NativeConstructorAccessorImpl.java:57)
	at sun.reflect.DelegatingConstructorAccessorImpl.newInstance(DelegatingConstructorAccessorImpl.java:45)
	at java.lang.reflect.Constructor.newInstance(Constructor.java:526)
	at org.openqa.selenium.remote.ErrorHandler.createThrowable(ErrorHandler.java:206)
	at org.openqa.selenium.remote.ErrorHandler.throwIfResponseFailed(ErrorHandler.java:158)
	at org.openqa.selenium.remote.RemoteWebDriver.execute(RemoteWebDriver.java:647)
	at org.openqa.selenium.remote.RemoteWebDriver.findElement(RemoteWebDriver.java:353)
	at org.openqa.selenium.remote.RemoteWebDriver.findElementByName(RemoteWebDriver.java:451)
	at org.openqa.selenium.By$ByName.findElement(By.java:303)
	at org.openqa.selenium.remote.RemoteWebDriver.findElement(RemoteWebDriver.java:345)
	at org.openqa.selenium.support.ui.ExpectedConditions.findElement(ExpectedConditions.java:903)
	at org.openqa.selenium.support.ui.ExpectedConditions.access$000(ExpectedConditions.java:41)
	at org.openqa.selenium.support.ui.ExpectedConditions$7.apply(ExpectedConditions.java:205)
	at org.openqa.selenium.support.ui.ExpectedConditions$7.apply(ExpectedConditions.java:201)
	at org.openqa.selenium.support.ui.FluentWait.until(FluentWait.java:238)
	at com.automation.common.WebDriverTest.waitForVisible(WebDriverTest.java:81)
	at com.automation.page.SearchResulTestPage.waitForPageToLoad(SearchResulTestPage.java:28)
	at com.automation.test.SeleniumDemoTestSuite.TC_DEMO_01(SeleniumDemoTestSuite.java:31)
	at sun.reflect.NativeMethodAccessorImpl.invoke0(Native Method)
	at sun.reflect.NativeMethodAccessorImpl.invoke(NativeMethodAccessorImpl.java:57)
	at sun.reflect.DelegatingMethodAccessorImpl.invoke(DelegatingMethodAccessorImpl.java:43)
	at java.lang.reflect.Method.invoke(Method.java:606)
	at org.testng.internal.MethodInvocationHelper.invokeMethod(MethodInvocationHelper.java:85)
	at org.testng.internal.Invoker.invokeMethod(Invoker.java:639)
	at org.testng.internal.Invoker.invokeTestMethod(Invoker.java:816)
	at org.testng.internal.Invoker.invokeTestMethods(Invoker.java:1124)
	at org.testng.internal.TestMethodWorker.invokeTestMethods(TestMethodWorker.java:125)
	at org.testng.internal.TestMethodWorker.run(TestMethodWorker.java:108)
	at org.testng.TestRunner.privateRun(TestRunner.java:774)
	at org.testng.TestRunner.run(TestRunner.java:624)
	at org.testng.SuiteRunner.runTest(SuiteRunner.java:359)
	at org.testng.SuiteRunner.access$000(SuiteRunner.java:39)
	at org.testng.SuiteRunner$SuiteWorker.run(SuiteRunner.java:393)
	at org.testng.internal.thread.ThreadUtil$2.call(ThreadUtil.java:64)
	at java.util.concurrent.FutureTask.run(FutureTask.java:262)
	at java.util.concurrent.ThreadPoolExecutor.runWorker(ThreadPoolExecutor.java:1145)
	at java.util.concurrent.ThreadPoolExecutor$Worker.run(ThreadPoolExecutor.java:615)
	at java.lang.Thread.run(Thread.java:744)
Caused by: org.openqa.selenium.WebDriverException: [JavaScript Error: &quot;target.selectedBrowser is undefined&quot; {file: &quot;resource://gre/modules/RemoteAddonsParent.jsm&quot; line: 881}]&apos;[JavaScript Error: &quot;target.selectedBrowser is undefined&quot; {file: &quot;resource://gre/modules/RemoteAddonsParent.jsm&quot; line: 881}]&apos; when calling method: [nsICommandProcessor::execute]
Build info: version: &apos;2.48.0&apos;, revision: &apos;b7b081a4f1289f17e8ecd38bc67e137c2a12e34a&apos;, time: &apos;2015-10-07 09:50:14&apos;
System info: host: &apos;ICPL12088&apos;, ip: &apos;10.20.63.178&apos;, os.name: &apos;Windows 8&apos;, os.arch: &apos;amd64&apos;, os.version: &apos;6.2&apos;, java.version: &apos;1.7.0_51&apos;
Driver info: driver.version: unknown
	at &lt;anonymous class&gt;.Dispatcher.executeAs/&lt;(file:///C:/Users/ABHIJE~1.AUT/AppData/Local/Temp/anonymous6013466629290580404webdriver-profile/extensions/fxdriver@googlecode.com/components/driver-component.js:9455)
	at &lt;anonymous class&gt;.Resource.prototype.handle(file:///C:/Users/ABHIJE~1.AUT/AppData/Local/Temp/anonymous6013466629290580404webdriver-profile/extensions/fxdriver@googlecode.com/components/driver-component.js:9602)
	at &lt;anonymous class&gt;.Dispatcher.prototype.dispatch(file:///C:/Users/ABHIJE~1.AUT/AppData/Local/Temp/anonymous6013466629290580404webdriver-profile/extensions/fxdriver@googlecode.com/components/driver-component.js:9549)
	at &lt;anonymous class&gt;.WebDriverServer/&lt;.handle(file:///C:/Users/ABHIJE~1.AUT/AppData/Local/Temp/anonymous6013466629290580404webdriver-profile/extensions/fxdriver@googlecode.com/components/driver-component.js:12390)
	at &lt;anonymous class&gt;.createHandlerFunc/&lt;(file:///C:/Users/ABHIJE~1.AUT/AppData/Local/Temp/anonymous6013466629290580404webdriver-profile/extensions/fxdriver@googlecode.com/components/httpd.js:2054)
	at &lt;anonymous class&gt;.ServerHandler.prototype.handleResponse(file:///C:/Users/ABHIJE~1.AUT/AppData/Local/Temp/anonymous6013466629290580404webdriver-profile/extensions/fxdriver@googlecode.com/components/httpd.js:2387)
	at &lt;anonymous class&gt;.Connection.prototype.process(file:///C:/Users/ABHIJE~1.AUT/AppData/Local/Temp/anonymous6013466629290580404webdriver-profile/extensions/fxdriver@googlecode.com/components/httpd.js:1223)
	at &lt;anonymous class&gt;.RequestReader.prototype._handleResponse(file:///C:/Users/ABHIJE~1.AUT/AppData/Local/Temp/anonymous6013466629290580404webdriver-profile/extensions/fxdriver@googlecode.com/components/httpd.js:1677)
	at &lt;anonymous class&gt;.RequestReader.prototype._processBody(file:///C:/Users/ABHIJE~1.AUT/AppData/Local/Temp/anonymous6013466629290580404webdriver-profile/extensions/fxdriver@googlecode.com/components/httpd.js:1525)
	at &lt;anonymous class&gt;.RequestReader.prototype.onInputStreamReady(file:///C:/Users/ABHIJE~1.AUT/AppData/Local/Temp/anonymous6013466629290580404webdriver-profile/extensions/fxdriver@googlecode.com/components/httpd.js:1393)
</pre></div></td>
<td>7</td>
<td>com.automation.test.SeleniumDemoTestSuite@24e67429</td></tr>
</table><p>
</body>
</html>