<?xml version="1.0" encoding="UTF-8"?>
<!-- Generated by org.testng.reporters.JUnitXMLReporter -->
<testsuite hostname="ICPL12088" name="Shpwreks Automation" tests="1" failures="1" timestamp="8 Nov 2016 06:13:37 GMT" time="7.857" errors="0">
  <testcase name="TC_DEMO_01" time="7.774" classname="com.automation.test.SeleniumDemoTestSuite">
    <failure type="org.openqa.selenium.WebDriverException" message="[JavaScript Error: &amp;quot;target.selectedBrowser is undefined&amp;quot; {file: &amp;quot;resource://gre/modules/RemoteAddonsParent.jsm&amp;quot; line: 881}]&amp;apos;[JavaScript Error: &amp;quot;target.selectedBrowser is undefined&amp;quot; {file: &amp;quot;resource://gre/modules/RemoteAddonsParent.jsm&amp;quot; line: 881}]&amp;apos; when calling method: [nsICommandProcessor::execute]
Command duration or timeout: 115 milliseconds
Build info: version: &amp;apos;2.48.0&amp;apos;, revision: &amp;apos;b7b081a4f1289f17e8ecd38bc67e137c2a12e34a&amp;apos;, time: &amp;apos;2015-10-07 09:50:14&amp;apos;
System info: host: &amp;apos;ICPL12088&amp;apos;, ip: &amp;apos;10.20.63.178&amp;apos;, os.name: &amp;apos;Windows 8&amp;apos;, os.arch: &amp;apos;amd64&amp;apos;, os.version: &amp;apos;6.2&amp;apos;, java.version: &amp;apos;1.7.0_51&amp;apos;
*** Element info: {Using=name, value=btnG}
Session ID: 4ee10851-8757-4c04-a08d-594f1c888fc0
Driver info: org.openqa.selenium.firefox.FirefoxDriver
Capabilities [{platform=WINDOWS, acceptSslCerts=true, javascriptEnabled=true, cssSelectorsEnabled=true, databaseEnabled=true, browserName=firefox, handlesAlerts=true, nativeEvents=false, webStorageEnabled=true, rotatable=false, locationContextEnabled=true, applicationCacheEnabled=true, takesScreenshot=true, version=45.0}]">
      <![CDATA[org.openqa.selenium.WebDriverException: [JavaScript Error: "target.selectedBrowser is undefined" {file: "resource://gre/modules/RemoteAddonsParent.jsm" line: 881}]'[JavaScript Error: "target.selectedBrowser is undefined" {file: "resource://gre/modules/RemoteAddonsParent.jsm" line: 881}]' when calling method: [nsICommandProcessor::execute]
Command duration or timeout: 115 milliseconds
Build info: version: '2.48.0', revision: 'b7b081a4f1289f17e8ecd38bc67e137c2a12e34a', time: '2015-10-07 09:50:14'
System info: host: 'ICPL12088', ip: '10.20.63.178', os.name: 'Windows 8', os.arch: 'amd64', os.version: '6.2', java.version: '1.7.0_51'
*** Element info: {Using=name, value=btnG}
Session ID: 4ee10851-8757-4c04-a08d-594f1c888fc0
Driver info: org.openqa.selenium.firefox.FirefoxDriver
Capabilities [{platform=WINDOWS, acceptSslCerts=true, javascriptEnabled=true, cssSelectorsEnabled=true, databaseEnabled=true, browserName=firefox, handlesAlerts=true, nativeEvents=false, webStorageEnabled=true, rotatable=false, locationContextEnabled=true, applicationCacheEnabled=true, takesScreenshot=true, version=45.0}]
	at org.openqa.selenium.remote.ErrorHandler.createThrowable(ErrorHandler.java:206)
	at org.openqa.selenium.remote.ErrorHandler.throwIfResponseFailed(ErrorHandler.java:158)
	at org.openqa.selenium.remote.RemoteWebDriver.execute(RemoteWebDriver.java:647)
	at org.openqa.selenium.remote.RemoteWebDriver.findElement(RemoteWebDriver.java:353)
	at org.openqa.selenium.remote.RemoteWebDriver.findElementByName(RemoteWebDriver.java:451)
	at org.openqa.selenium.By$ByName.findElement(By.java:303)
	at org.openqa.selenium.remote.RemoteWebDriver.findElement(RemoteWebDriver.java:345)
	at org.openqa.selenium.support.ui.ExpectedConditions.findElement(ExpectedConditions.java:903)
	at org.openqa.selenium.support.ui.ExpectedConditions.access$000(ExpectedConditions.java:41)
	at org.openqa.selenium.support.ui.ExpectedConditions$7.apply(ExpectedConditions.java:205)
	at org.openqa.selenium.support.ui.ExpectedConditions$7.apply(ExpectedConditions.java:201)
	at org.openqa.selenium.support.ui.FluentWait.until(FluentWait.java:238)
	at com.automation.common.WebDriverTest.waitForVisible(WebDriverTest.java:81)
	at com.automation.page.SearchResulTestPage.waitForPageToLoad(SearchResulTestPage.java:28)
	at com.automation.test.SeleniumDemoTestSuite.TC_DEMO_01(SeleniumDemoTestSuite.java:31)
	at java.util.concurrent.FutureTask.run(FutureTask.java:262)
	at java.util.concurrent.ThreadPoolExecutor.runWorker(ThreadPoolExecutor.java:1145)
	at java.util.concurrent.ThreadPoolExecutor$Worker.run(ThreadPoolExecutor.java:615)
	at java.lang.Thread.run(Thread.java:744)
Caused by: org.openqa.selenium.WebDriverException: [JavaScript Error: "target.selectedBrowser is undefined" {file: "resource://gre/modules/RemoteAddonsParent.jsm" line: 881}]'[JavaScript Error: "target.selectedBrowser is undefined" {file: "resource://gre/modules/RemoteAddonsParent.jsm" line: 881}]' when calling method: [nsICommandProcessor::execute]
Build info: version: '2.48.0', revision: 'b7b081a4f1289f17e8ecd38bc67e137c2a12e34a', time: '2015-10-07 09:50:14'
System info: host: 'ICPL12088', ip: '10.20.63.178', os.name: 'Windows 8', os.arch: 'amd64', os.version: '6.2', java.version: '1.7.0_51'
Driver info: driver.version: unknown
	at <anonymous class>.Dispatcher.executeAs/<(file:///C:/Users/ABHIJE~1.AUT/AppData/Local/Temp/anonymous6013466629290580404webdriver-profile/extensions/fxdriver@googlecode.com/components/driver-component.js:9455)
	at <anonymous class>.Resource.prototype.handle(file:///C:/Users/ABHIJE~1.AUT/AppData/Local/Temp/anonymous6013466629290580404webdriver-profile/extensions/fxdriver@googlecode.com/components/driver-component.js:9602)
	at <anonymous class>.Dispatcher.prototype.dispatch(file:///C:/Users/ABHIJE~1.AUT/AppData/Local/Temp/anonymous6013466629290580404webdriver-profile/extensions/fxdriver@googlecode.com/components/driver-component.js:9549)
	at <anonymous class>.WebDriverServer/<.handle(file:///C:/Users/ABHIJE~1.AUT/AppData/Local/Temp/anonymous6013466629290580404webdriver-profile/extensions/fxdriver@googlecode.com/components/driver-component.js:12390)
	at <anonymous class>.createHandlerFunc/<(file:///C:/Users/ABHIJE~1.AUT/AppData/Local/Temp/anonymous6013466629290580404webdriver-profile/extensions/fxdriver@googlecode.com/components/httpd.js:2054)
	at <anonymous class>.ServerHandler.prototype.handleResponse(file:///C:/Users/ABHIJE~1.AUT/AppData/Local/Temp/anonymous6013466629290580404webdriver-profile/extensions/fxdriver@googlecode.com/components/httpd.js:2387)
	at <anonymous class>.Connection.prototype.process(file:///C:/Users/ABHIJE~1.AUT/AppData/Local/Temp/anonymous6013466629290580404webdriver-profile/extensions/fxdriver@googlecode.com/components/httpd.js:1223)
	at <anonymous class>.RequestReader.prototype._handleResponse(file:///C:/Users/ABHIJE~1.AUT/AppData/Local/Temp/anonymous6013466629290580404webdriver-profile/extensions/fxdriver@googlecode.com/components/httpd.js:1677)
	at <anonymous class>.RequestReader.prototype._processBody(file:///C:/Users/ABHIJE~1.AUT/AppData/Local/Temp/anonymous6013466629290580404webdriver-profile/extensions/fxdriver@googlecode.com/components/httpd.js:1525)
	at <anonymous class>.RequestReader.prototype.onInputStreamReady(file:///C:/Users/ABHIJE~1.AUT/AppData/Local/Temp/anonymous6013466629290580404webdriver-profile/extensions/fxdriver@googlecode.com/components/httpd.js:1393)
... Removed 20 stack frames]]>
    </failure>
  </testcase> <!-- TC_DEMO_01 -->
</testsuite> <!-- Shpwreks Automation -->
